<?xml version="1.0" encoding="UTF-8"?>
<!-- Generated by org.testng.reporters.JUnitReportReporter -->
<testsuite hostname="lesly-desktop" failures="0" tests="1" name="NewTest" time="4.090" errors="0" timestamp="01 Sep 2019 23:10:32 GMT" skipped="0">
  <testcase classname="NewTest" name="f" time="4.090"/>
</testsuite> <!-- NewTest -->
