<?xml version="1.0" encoding="UTF-8"?>
<!-- Generated by org.testng.reporters.JUnitReportReporter -->
<testsuite hostname="lesly-desktop" failures="0" tests="3" name="tests.Regression" time="22.879" errors="0" timestamp="12 Oct 2019 22:10:33 GMT" skipped="0">
  <testcase classname="tests.Regression" name="dynamicLoadingTestExample1" time="6.596"/>
  <testcase classname="tests.Regression" name="authenticationPage" time="8.723"/>
  <testcase classname="tests.Regression" name="dynamicLoadingTestExample2" time="7.560"/>
</testsuite> <!-- tests.Regression -->
