<?xml version="1.0" encoding="UTF-8"?>
<!-- Generated by org.testng.reporters.JUnitReportReporter -->
<testsuite hostname="lesly-desktop" failures="0" tests="1" name="NewTest" time="7.327" errors="0" timestamp="02 Sep 2019 23:13:03 GMT" skipped="0">
  <testcase classname="NewTest" name="f" time="7.327"/>
</testsuite> <!-- NewTest -->
