<?xml version="1.0" encoding="UTF-8"?>
<!-- Generated by org.testng.reporters.JUnitReportReporter -->
<testsuite hostname="lesly-desktop" failures="0" tests="1" name="NewTest" time="6.412" errors="0" timestamp="04 Sep 2019 01:00:53 GMT" skipped="0">
  <testcase classname="NewTest" name="f" time="6.412"/>
</testsuite> <!-- NewTest -->
